CONNECTED(00000003)
>>> TLS 1.0, RecordHeader [length 0005]
    16 03 01 01 20
>>> TLS 1.3, Handshake [length 0120], ClientHello
    01 00 01 1c 03 03 38 fd 72 ba 6b a1 ab c4 e6 69
    64 c9 ff 42 ea 42 eb 30 60 a7 62 0c a1 08 22 04
    fa d2 2e cc ee 4d 20 de b9 e0 20 68 8a d2 33 69
    96 70 0b 05 a0 c7 d9 95 27 ec 61 71 34 43 06 c6
    2e e3 6b 75 94 f5 52 00 3a 13 02 c0 2c c0 30 00
    9f cc a9 cc a8 cc aa c0 2b c0 2f 00 9e c0 24 c0
    28 00 6b c0 23 c0 27 00 67 c0 0a c0 14 00 39 c0
    09 c0 13 00 33 00 9d 00 9c 00 3d 00 3c 00 35 00
    2f 00 ff 01 00 00 99 00 0b 00 04 03 00 01 02 00
    0a 00 16 00 14 00 1d 00 17 00 1e 00 19 00 18 01
    00 01 01 01 02 01 03 01 04 00 23 00 00 00 16 00
    00 00 17 00 00 00 0d 00 2a 00 28 04 03 05 03 06
    03 08 07 08 08 08 09 08 0a 08 0b 08 04 08 05 08
    06 04 01 05 01 06 01 03 03 03 01 03 02 04 02 05
    02 06 02 00 2b 00 09 08 03 04 03 03 03 02 03 01
    00 2d 00 02 01 01 00 33 00 26 00 24 00 1d 00 20
    25 78 23 0c 06 04 58 c5 42 97 55 76 f5 b1 70 a5
    c2 1f cb f2 fd 04 9d f4 94 a8 88 9a 9d 68 52 47
write to 0x59117141ed20 [0x591171465740] (293 bytes => 293 (0x125))
0000 - 16 03 01 01 20 01 00 01-1c 03 03 38 fd 72 ba 6b   .... ......8.r.k
0010 - a1 ab c4 e6 69 64 c9 ff-42 ea 42 eb 30 60 a7 62   ....id..B.B.0`.b
0020 - 0c a1 08 22 04 fa d2 2e-cc ee 4d 20 de b9 e0 20   ..."......M ... 
0030 - 68 8a d2 33 69 96 70 0b-05 a0 c7 d9 95 27 ec 61   h..3i.p......'.a
0040 - 71 34 43 06 c6 2e e3 6b-75 94 f5 52 00 3a 13 02   q4C....ku..R.:..
0050 - c0 2c c0 30 00 9f cc a9-cc a8 cc aa c0 2b c0 2f   .,.0.........+./
0060 - 00 9e c0 24 c0 28 00 6b-c0 23 c0 27 00 67 c0 0a   ...$.(.k.#.'.g..
0070 - c0 14 00 39 c0 09 c0 13-00 33 00 9d 00 9c 00 3d   ...9.....3.....=
0080 - 00 3c 00 35 00 2f 00 ff-01 00 00 99 00 0b 00 04   .<.5./..........
0090 - 03 00 01 02 00 0a 00 16-00 14 00 1d 00 17 00 1e   ................
00a0 - 00 19 00 18 01 00 01 01-01 02 01 03 01 04 00 23   ...............#
00b0 - 00 00 00 16 00 00 00 17-00 00 00 0d 00 2a 00 28   .............*.(
00c0 - 04 03 05 03 06 03 08 07-08 08 08 09 08 0a 08 0b   ................
00d0 - 08 04 08 05 08 06 04 01-05 01 06 01 03 03 03 01   ................
00e0 - 03 02 04 02 05 02 06 02-00 2b 00 09 08 03 04 03   .........+......
00f0 - 03 03 02 03 01 00 2d 00-02 01 01 00 33 00 26 00   ......-.....3.&.
0100 - 24 00 1d 00 20 25 78 23-0c 06 04 58 c5 42 97 55   $... %x#...X.B.U
0110 - 76 f5 b1 70 a5 c2 1f cb-f2 fd 04 9d f4 94 a8 88   v..p............
0120 - 9a 9d 68 52 47                                    ..hRG
read from 0x59117141ed20 [0x59117145c513] (5 bytes => 5 (0x5))
0000 - 16 03 03 00 7a                                    ....z
<<< TLS 1.2, RecordHeader [length 0005]
    16 03 03 00 7a
read from 0x59117141ed20 [0x59117145c518] (122 bytes => 122 (0x7A))
0000 - 02 00 00 76 03 03 8f 4c-5b 9b 85 a8 10 58 63 d7   ...v...L[....Xc.
0010 - 57 42 cd fd 1b 6f b1 3e-0e b4 35 8f 51 40 90 51   WB...o.>..5.Q@.Q
0020 - 11 30 37 70 d8 b3 20 de-b9 e0 20 68 8a d2 33 69   .07p.. ... h..3i
0030 - 96 70 0b 05 a0 c7 d9 95-27 ec 61 71 34 43 06 c6   .p......'.aq4C..
0040 - 2e e3 6b 75 94 f5 52 13-02 00 00 2e 00 2b 00 02   ..ku..R......+..
0050 - 03 04 00 33 00 24 00 1d-00 20 33 e3 24 e2 86 58   ...3.$... 3.$..X
0060 - d7 32 6b 48 60 94 7c 03-73 ce a5 43 65 22 68 a5   .2kH`.|.s..Ce"h.
0070 - 39 62 b9 1c 8b 87 7d e9-a0 56                     9b....}..V
<<< TLS 1.3, Handshake [length 007a], ServerHello
    02 00 00 76 03 03 8f 4c 5b 9b 85 a8 10 58 63 d7
    57 42 cd fd 1b 6f b1 3e 0e b4 35 8f 51 40 90 51
    11 30 37 70 d8 b3 20 de b9 e0 20 68 8a d2 33 69
    96 70 0b 05 a0 c7 d9 95 27 ec 61 71 34 43 06 c6
    2e e3 6b 75 94 f5 52 13 02 00 00 2e 00 2b 00 02
    03 04 00 33 00 24 00 1d 00 20 33 e3 24 e2 86 58
    d7 32 6b 48 60 94 7c 03 73 ce a5 43 65 22 68 a5
    39 62 b9 1c 8b 87 7d e9 a0 56
read from 0x59117141ed20 [0x59117145c513] (5 bytes => 5 (0x5))
0000 - 14 03 03 00 01                                    .....
<<< TLS 1.2, RecordHeader [length 0005]
    14 03 03 00 01
read from 0x59117141ed20 [0x59117145c518] (1 bytes => 1 (0x1))
0000 - 01                                                .
read from 0x59117141ed20 [0x59117145c513] (5 bytes => 5 (0x5))
0000 - 17 03 03 00 17                                    .....
<<< TLS 1.2, RecordHeader [length 0005]
    17 03 03 00 17
read from 0x59117141ed20 [0x59117145c518] (23 bytes => 23 (0x17))
0000 - 32 27 85 ae d6 6a 98 ce-79 02 0d 25 15 b3 e3 b6   2'...j..y..%....
0010 - 45 4e 50 02 2d 4a 73                              ENP.-Js
<<< TLS 1.3, InnerContent [length 0001]
    16
<<< TLS 1.3, Handshake [length 0006], EncryptedExtensions
    08 00 00 02 00 00
read from 0x59117141ed20 [0x59117145c513] (5 bytes => 5 (0x5))
0000 - 17 03 03 03 0f                                    .....
<<< TLS 1.2, RecordHeader [length 0005]
    17 03 03 03 0f
read from 0x59117141ed20 [0x59117145c518] (783 bytes => 783 (0x30F))
0000 - ac a9 41 bc c2 58 27 36-10 1a 7f 6d c7 cb 7f 51   ..A..X'6...m...Q
0010 - b5 a3 06 ef 96 60 91 31-f5 2c 36 58 61 d4 93 02   .....`.1.,6Xa...
0020 - a0 38 4c 2e b1 3f 9c 80-f1 9b 74 c7 64 78 6c 09   .8L..?....t.dxl.
0030 - 94 c6 68 9d f8 85 10 fd-11 8e d1 4c 63 01 0f d5   ..h........Lc...
0040 - 49 a6 f4 08 0c cd 92 81-05 3b 36 cd 0c 52 ab 9f   I........;6..R..
0050 - 1a f2 d0 13 e9 37 38 a0-a8 04 7b 5e 68 31 e4 86   .....78...{^h1..
0060 - c2 c1 48 4a 1f be d5 a1-10 b5 b1 46 10 7a 83 8a   ..HJ.......F.z..
0070 - 82 6e 89 9f 54 91 93 3c-be b7 7a 99 47 24 b0 ba   .n..T..<..z.G$..
0080 - d2 0a 50 86 04 dc ac 23-08 6b f3 3b 23 30 a7 b1   ..P....#.k.;#0..
0090 - 36 c0 a7 de 4d ee 8a 8b-2b ef bd 9a 80 15 b1 e9   6...M...+.......
00a0 - e8 77 39 05 8f 98 ff e7-8d 57 c9 c7 04 48 46 5b   .w9......W...HF[
00b0 - fb 82 be 6f 79 10 34 c7-2c c0 21 47 fc d8 dd 28   ...oy.4.,.!G...(
00c0 - b9 92 af 0c d7 36 c8 8c-d9 c1 93 a4 3d 07 ed 8e   .....6......=...
00d0 - 33 6f 08 cf 07 76 2d 93-51 62 d2 34 ee 9f be 9f   3o...v-.Qb.4....
00e0 - 0d da 1f fc 09 a8 72 b0-13 b3 55 8d 00 63 a0 a0   ......r...U..c..
00f0 - 43 e5 94 13 13 2d c6 ef-ee 05 ea 80 f2 c7 d9 3e   C....-.........>
0100 - ec 6b 4f 0d ab da af ae-c0 b7 1c 6e 74 5f 51 48   .kO........nt_QH
0110 - 12 40 9b 86 b5 f0 f9 9e-ff 43 fd 5d 13 89 59 7c   .@.......C.]..Y|
0120 - 2d 0e 1a 5d 3e 62 2f 16-a3 60 3a 77 df 1c 99 bd   -..]>b/..`:w....
0130 - 25 2c 17 eb e4 dc 74 94-1f ec 79 16 70 c1 60 8d   %,....t...y.p.`.
0140 - 31 0f c6 d9 f8 c6 ab 50-31 a0 3a b3 43 d5 e1 8b   1......P1.:.C...
0150 - 04 b6 35 8a 60 4e db 50-f2 09 3b 5b 75 33 e5 97   ..5.`N.P..;[u3..
0160 - a1 86 e6 3b 95 74 f3 a2-91 6a 06 b8 46 21 35 c5   ...;.t...j..F!5.
0170 - b2 a5 6c c4 2c 3d 0c 7e-d7 b2 a0 cd 53 b7 ec f8   ..l.,=.~....S...
0180 - b0 ec c7 9a c5 28 bb 68-1a c9 a2 5b 5c c3 2f 17   .....(.h...[\./.
0190 - 8f e0 a7 18 1b 5b c6 e4-26 39 01 8a 7f 00 f7 e1   .....[..&9......
01a0 - cb ae 69 23 09 6e 96 88-98 4c ea dd dd 99 3e 09   ..i#.n...L....>.
01b0 - a0 96 8b bc cd 44 12 66-f6 16 7a 59 62 1b 26 4c   .....D.f..zYb.&L
01c0 - a7 d7 8f f6 54 b0 15 1b-78 8f 94 8d 7f 89 5c a6   ....T...x.....\.
01d0 - 50 4f fe 08 28 4f ef fc-e3 df 7c 35 b2 1b d5 60   PO..(O....|5...`
01e0 - 3d 10 92 96 97 f0 65 c7-95 de 8f a3 08 18 7d 83   =.....e.......}.
01f0 - a8 c1 c4 fc 51 27 23 15-95 c2 0c 09 3d 2e 11 b1   ....Q'#.....=...
0200 - 53 7e ef 57 dd 41 e0 45-74 57 82 4e 0a 52 90 36   S~.W.A.EtW.N.R.6
0210 - 47 ca ad 9f f2 86 4c c6-c1 c6 37 ba c3 57 4c e1   G.....L...7..WL.
0220 - c1 9a 8c f8 f4 fb 84 bf-7d cf ae d7 87 63 c6 9e   ........}....c..
0230 - 1f bc 01 cc 55 5b e4 88-12 0e 46 49 79 ee 74 0f   ....U[....FIy.t.
0240 - f1 0d 48 d1 c1 6f b4 02-cc 7d 26 82 b8 3e 3e c6   ..H..o...}&..>>.
0250 - 23 df f9 e2 a4 88 37 a7-f6 d7 b4 9c e1 75 63 6c   #.....7......ucl
0260 - 72 32 0f 56 aa 1f cc ed-15 2e e4 bf 2b 4a 6c 94   r2.V........+Jl.
0270 - d5 6f fc e0 ae c5 54 3f-af b4 ab a6 62 0b dd b9   .o....T?....b...
0280 - 26 fc a3 91 26 72 f7 10-fe df 24 93 a0 0e c8 ca   &...&r....$.....
0290 - b9 60 12 57 7e dc 57 37-1e 2c f3 cf e6 07 76 90   .`.W~.W7.,....v.
02a0 - 1b ea 8b 0a 52 0b a2 ec-d6 15 a7 54 7d b5 ba f3   ....R......T}...
02b0 - 16 f0 6e 1b f1 b3 40 03-4a 90 3c 44 fb 14 b4 fc   ..n...@.J.<D....
02c0 - 0d 87 a7 14 4b 94 1b a9-1d 69 8d 59 c1 d2 03 cc   ....K....i.Y....
02d0 - 24 20 33 fe fc 4f cd e1-4d 75 26 48 f6 ac 14 3c   $ 3..O..Mu&H...<
02e0 - d2 e6 42 b9 03 54 b7 80-c8 c8 68 42 ea d5 9f 06   ..B..T....hB....
02f0 - 67 42 62 d0 90 47 bd cc-d1 1c 7e e4 be 90 63 16   gBb..G....~...c.
0300 - b0 ec fd fb c9 f8 40 b8-6e 69 db de 7d 24 90      ......@.ni..}$.
<<< TLS 1.3, InnerContent [length 0001]
    16
<<< TLS 1.3, Handshake [length 02fe], Certificate
    0b 00 02 fa 00 00 02 f6 00 02 f1 30 82 02 ed 30
    82 01 d5 a0 03 02 01 02 02 14 6f 71 f1 fa eb b7
    b7 2a 7e 06 c9 6f 28 6c 97 c5 2d 5e 0e 32 30 0d
    06 09 2a 86 48 86 f7 0d 01 01 0b 05 00 30 14 31
    12 30 10 06 03 55 04 03 0c 09 6c 6f 63 61 6c 68
    6f 73 74 30 1e 17 0d 32 35 30 37 30 36 31 32 35
    39 34 36 5a 17 0d 32 36 30 37 30 36 31 32 35 39
    34 36 5a 30 14 31 12 30 10 06 03 55 04 03 0c 09
    6c 6f 63 61 6c 68 6f 73 74 30 82 01 22 30 0d 06
    09 2a 86 48 86 f7 0d 01 01 01 05 00 03 82 01 0f
    00 30 82 01 0a 02 82 01 01 00 a5 8b 78 37 18 53
    a0 a2 de 59 18 75 cf 35 67 f0 1a 5a 38 26 3a e7
    62 e8 70 c8 29 4c f8 62 b2 7b 20 8a 9e 0d 3e bf
    cc 08 cb 99 b7 2f d1 3f 96 41 67 56 09 ca d5 f1
    4e 8a b0 2a 73 eb a5 88 cd 13 81 59 cc 89 ba b3
    68 9c b4 6e ec 9f a0 45 ec 80 1a de 28 7c ce 27
    e0 3d d3 be e2 96 a0 62 71 b7 1c fd bf 11 38 b5
    d1 7a 4a 9b 72 7b 35 4c 07 3d 1b b7 4b 34 a6 36
    7c a3 0c e3 80 85 58 38 aa 33 79 7e 97 de 0c 4f
    b8 3c 46 d9 19 ef d1 33 b6 87 f9 e4 27 62 1c ca
    10 1f 4f e7 70 54 20 5c ec 6e 76 35 26 7d 6f 6a
    92 f1 06 bc 6e 94 f9 56 4b 99 22 08 99 a5 a6 54
    9b 73 c8 4c 93 01 42 6c 3a 97 d2 57 72 59 bf f4
    e0 06 3a 33 a6 6b 7e b6 ea 0a 9f 71 7c 93 cd f8
    8d 05 12 02 a0 46 2d 73 a8 a8 11 22 3f cb 23 b5
    4a f9 c6 5d 15 30 26 dc 8e ee aa da 86 6d d6 1b
    6c cb 37 9d a3 fe 45 55 78 a3 02 03 01 00 01 a3
    37 30 35 30 14 06 03 55 1d 11 04 0d 30 0b 82 09
    6c 6f 63 61 6c 68 6f 73 74 30 1d 06 03 55 1d 0e
    04 16 04 14 48 77 14 5e 81 4b f9 c3 3d 96 07 cd
    cb 1c 20 29 3e 3f 46 4d 30 0d 06 09 2a 86 48 86
    f7 0d 01 01 0b 05 00 03 82 01 01 00 0e 24 db 6c
    08 bd 8f 40 61 7e 71 72 3b f7 47 9d 32 67 33 9d
    54 a6 ae 29 f9 cf 87 c7 fe 32 42 58 5f 54 9b 2d
    3a 79 60 95 81 72 4e 1a d9 6b 69 c5 d1 bb ee 97
    0c 9e 74 a2 94 e8 e2 90 e8 1e 79 63 e3 e9 03 a3
    9c ff ef 8f 18 5f 10 84 7a 3d 74 a4 d0 4e 25 54
    87 e1 20 4b 8d b6 77 3c 4a 99 19 bd e7 e2 63 40
    19 90 56 f4 44 f7 51 83 d6 35 64 f4 d1 7a 40 36
    8d 57 66 07 ea 02 bc e5 a9 dc 16 b7 0f da 14 3e
    5d 69 8e a8 32 ba e0 88 f2 1a 71 8b 62 da c1 4d
    5c d9 6c 48 1c 35 69 c2 51 8e 7c fe b0 8a ea 7f
    4b 89 9d 5b d5 a0 97 37 3c 9c d7 bb 9e c0 7a 1b
    a4 90 9c a7 77 9f 94 82 22 47 9c 81 c7 31 f1 ff
    84 0a 61 2d 4a 94 c5 fa ab 66 80 62 3b b4 f2 ee
    02 0c 14 b1 b6 56 86 23 8c e8 c2 21 61 52 7a e7
    9a f2 9c db 46 15 21 c5 45 59 40 df 51 18 d2 79
    b6 34 47 72 4a ea ac f9 9d 03 ee 8f 00 00
read from 0x59117141ed20 [0x59117145c513] (5 bytes => 5 (0x5))
0000 - 17 03 03 01 19                                    .....
<<< TLS 1.2, RecordHeader [length 0005]
    17 03 03 01 19
read from 0x59117141ed20 [0x59117145c518] (281 bytes => 281 (0x119))
0000 - 8f c0 0f 42 57 ae ed f1-5d ec d6 d8 58 6a 64 eb   ...BW...]...Xjd.
0010 - 94 c0 13 74 02 ad 39 c9-52 24 15 be 06 e2 09 f4   ...t..9.R$......
0020 - 13 cc 96 55 77 1d 57 10-9c 6a d3 46 42 c1 78 a5   ...Uw.W..j.FB.x.
0030 - b7 10 bc 82 30 d0 1e 37-73 bb c5 b4 ac 58 cc ae   ....0..7s....X..
0040 - 77 56 c9 79 a8 b9 79 29-9b 5c 6e 07 1d da ba fa   wV.y..y).\n.....
0050 - 15 7d c3 bf 09 30 ed b9-d0 f6 6b 5b 5d 46 15 0b   .}...0....k[]F..
0060 - 5b 1a 1b 7d bc c2 cb f0-9a f2 cf 0f 11 4c 7d 96   [..}.........L}.
0070 - 01 19 3a d1 27 b6 9a ae-ad 0a cf 92 a5 f6 10 a4   ..:.'...........
0080 - 11 33 14 10 d5 6f 25 8c-3b 99 8e 87 e5 0a ca a9   .3...o%.;.......
0090 - 6a 09 27 66 df 79 db 42-fa ab b6 ed cb 3d 25 3c   j.'f.y.B.....=%<
00a0 - 5e 25 5f 9c 3a 25 ec ba-a2 43 62 22 d6 73 78 68   ^%_.:%...Cb".sxh
00b0 - 3d 21 13 50 5a 7c 95 eb-45 33 94 7f 04 c9 d3 52   =!.PZ|..E3.....R
00c0 - b5 29 88 f2 ac 60 76 2e-cf 6f 93 24 3e c3 d6 1d   .)...`v..o.$>...
00d0 - b0 7c b5 db 3a e5 98 a6-b7 83 13 96 b3 00 be a9   .|..:...........
00e0 - f2 db 69 93 e7 91 cd f2-b6 fe 63 e6 07 4e 4b d2   ..i.......c..NK.
00f0 - 86 8a 2f 0e 6f 71 b1 5b-5e 07 d8 d6 27 9c 9f fa   ../.oq.[^...'...
0100 - e5 f2 c3 98 10 c4 94 0e-6a bb 86 db b1 9e 38 18   ........j.....8.
0110 - fe 53 fa b6 d7 72 2b 0c-bc                        .S...r+..
<<< TLS 1.3, InnerContent [length 0001]
    16
<<< TLS 1.3, Handshake [length 0108], CertificateVerify
    0f 00 01 04 08 04 01 00 4d 0b 0d da 39 92 b6 9a
    2b fd 1c 26 8f d0 44 82 36 d7 45 95 b5 a6 33 44
    70 98 37 f1 f9 a8 d4 c0 63 7b 4e 8a 04 6e 3c 94
    25 cf 44 93 8a 9b 88 b8 68 cf f0 a2 31 2d 84 fb
    f4 75 eb 02 aa ac 89 15 6d 51 82 c6 c2 e4 55 75
    7d 9e 19 b5 49 d8 26 64 73 bd 18 83 c5 ed 41 c1
    b2 8e 4c 98 1a b1 1e cb c0 28 67 ae c4 cc 8c bc
    55 b4 9a 28 39 b5 4f 16 88 b4 15 e3 30 d8 81 82
    c9 ac 04 b0 52 e1 94 77 cf d4 66 f8 49 04 16 6c
    3a 73 f7 f1 7e 48 02 db 91 ed 25 f7 22 65 52 0e
    1c 5f e8 11 e4 9a 41 58 87 e0 ac 2d d3 c0 c8 b4
    86 2b e4 7e 38 b4 b2 e7 e4 5c 04 79 b0 f5 a2 ab
    0b 36 c4 33 c4 f4 7b 69 03 52 56 ff c9 c6 99 a7
    e0 59 dd 9c 45 21 2e 90 3b bd 0c ba 1c 4d c5 d1
    9f d6 a6 1f 24 2e 7c 68 b9 11 e9 31 33 76 5a 1b
    d7 b8 d7 19 be 3f 05 f1 50 5e 81 c2 f1 98 31 40
    e2 1a 24 fb 21 fe ea f9
read from 0x59117141ed20 [0x59117145c513] (5 bytes => 5 (0x5))
0000 - 17 03 03 00 45                                    ....E
<<< TLS 1.2, RecordHeader [length 0005]
    17 03 03 00 45
read from 0x59117141ed20 [0x59117145c518] (69 bytes => 69 (0x45))
0000 - 41 f1 5f eb f0 1e c8 06-55 0c 7a 0a bd b4 62 c2   A._.....U.z...b.
0010 - 9a b5 55 84 63 80 aa f7-54 bc 23 6a 1d 0c da b2   ..U.c...T.#j....
0020 - a0 59 66 f6 3b 43 8e 9c-25 e4 32 17 54 b3 e0 f1   .Yf.;C..%.2.T...
0030 - 56 b5 7b 9e 6f 28 32 e7-bc f9 e0 82 8d f8 95 00   V.{.o(2.........
0040 - 8b 06 35 c3 d7                                    ..5..
<<< TLS 1.3, InnerContent [length 0001]
    16
<<< TLS 1.3, Handshake [length 0034], Finished
    14 00 00 30 6a 29 7f 51 87 f9 0c 95 d7 7d 84 07
    36 92 20 e6 50 71 cb b7 d8 4e 66 c3 97 57 9e 4a
    a7 0e bd b5 d8 0e c3 d5 7d 7d ab 1e 51 dc da a5
    c5 d9 00 29
>>> TLS 1.2, RecordHeader [length 0005]
    14 03 03 00 01
>>> TLS 1.3, ChangeCipherSpec [length 0001]
    01
>>> TLS 1.2, RecordHeader [length 0005]
    17 03 03 00 45
>>> TLS 1.2, InnerContent [length 0001]
    16
>>> TLS 1.3, Handshake [length 0034], Finished
    14 00 00 30 5f 45 13 0a 06 dd f6 24 08 dd 08 ca
    a2 64 47 26 4a 2f e4 1a 4d 4b 0b 32 89 bb 9d d1
    78 91 9c c9 e0 df 49 07 68 d2 ba fc fc 0c 18 e5
    a2 01 36 4b
write to 0x59117141ed20 [0x591171465740] (80 bytes => 80 (0x50))
0000 - 14 03 03 00 01 01 17 03-03 00 45 65 c3 c4 2c 2c   ..........Ee..,,
0010 - 69 91 b5 17 65 d1 37 27-09 7b 0d e9 e6 17 47 13   i...e.7'.{....G.
0020 - bf 70 9c 9b 53 6f 06 80-27 b1 ba 1b 24 c2 56 1a   .p..So..'...$.V.
0030 - ed fd 19 ec 14 19 4f b0-8d 79 d2 5f 23 f5 24 ba   ......O..y._#.$.
0040 - 0c 73 76 fa 38 8b d8 9a-56 e6 54 bd 09 1d 49 0f   .sv.8...V.T...I.
---
Certificate chain
 0 s:CN = localhost
   i:CN = localhost
   a:PKEY: rsaEncryption, 2048 (bit); sigalg: RSA-SHA256
   v:NotBefore: Jul  6 12:59:46 2025 GMT; NotAfter: Jul  6 12:59:46 2026 GMT
---
Server certificate
-----BEGIN CERTIFICATE-----
MIIC7TCCAdWgAwIBAgIUb3Hx+uu3typ+BslvKGyXxS1eDjIwDQYJKoZIhvcNAQEL
BQAwFDESMBAGA1UEAwwJbG9jYWxob3N0MB4XDTI1MDcwNjEyNTk0NloXDTI2MDcw
NjEyNTk0NlowFDESMBAGA1UEAwwJbG9jYWxob3N0MIIBIjANBgkqhkiG9w0BAQEF
AAOCAQ8AMIIBCgKCAQEApYt4NxhToKLeWRh1zzVn8BpaOCY652LocMgpTPhisnsg
ip4NPr/MCMuZty/RP5ZBZ1YJytXxToqwKnPrpYjNE4FZzIm6s2ictG7sn6BF7IAa
3ih8zifgPdO+4pagYnG3HP2/ETi10XpKm3J7NUwHPRu3SzSmNnyjDOOAhVg4qjN5
fpfeDE+4PEbZGe/RM7aH+eQnYhzKEB9P53BUIFzsbnY1Jn1vapLxBrxulPlWS5ki
CJmlplSbc8hMkwFCbDqX0ldyWb/04AY6M6ZrfrbqCp9xfJPN+I0FEgKgRi1zqKgR
Ij/LI7VK+cZdFTAm3I7uqtqGbdYbbMs3naP+RVV4owIDAQABozcwNTAUBgNVHREE
DTALgglsb2NhbGhvc3QwHQYDVR0OBBYEFEh3FF6BS/nDPZYHzcscICk+P0ZNMA0G
CSqGSIb3DQEBCwUAA4IBAQAOJNtsCL2PQGF+cXI790edMmcznVSmrin5z4fH/jJC
WF9Umy06eWCVgXJOGtlracXRu+6XDJ50opTo4pDoHnlj4+kDo5z/748YXxCEej10
pNBOJVSH4SBLjbZ3PEqZGb3n4mNAGZBW9ET3UYPWNWT00XpANo1XZgfqArzlqdwW
tw/aFD5daY6oMrrgiPIacYti2sFNXNlsSBw1acJRjnz+sIrqf0uJnVvVoJc3PJzX
u57AehukkJynd5+UgiJHnIHHMfH/hAphLUqUxfqrZoBiO7Ty7gIMFLG2VoYjjOjC
IWFSeuea8pzbRhUhxUVZQN9RGNJ5tjRHckrqrPmdA+6P
-----END CERTIFICATE-----
subject=CN = localhost
issuer=CN = localhost
---
No client certificate CA names sent
Peer signing digest: SHA256
Peer signature type: RSA-PSS
Server Temp Key: X25519, 253 bits
---
SSL handshake has read 1309 bytes and written 373 bytes
Verification error: self-signed certificate
---
New, TLSv1.3, Cipher is TLS_AES_256_GCM_SHA384
Server public key is 2048 bit
Secure Renegotiation IS NOT supported
Compression: NONE
Expansion: NONE
No ALPN negotiated
Early data was not sent
Verify return code: 18 (self-signed certificate)
---
read from 0x59117141ed20 [0x59117145c513] (5 bytes => 5 (0x5))
0000 - 17 03 03 00 fa                                    .....
<<< TLS 1.2, RecordHeader [length 0005]
    17 03 03 00 fa
read from 0x59117141ed20 [0x59117145c518] (250 bytes => 250 (0xFA))
0000 - 8d 05 0b 75 20 2f 71 8f-a0 86 91 3b a6 96 79 aa   ...u /q....;..y.
0010 - 6d 2b 04 23 e7 92 45 b4-db cd 86 08 83 29 28 a7   m+.#..E......)(.
0020 - 56 94 8c 7f f1 50 82 9d-2e 55 02 5d 87 78 5e 16   V....P...U.].x^.
0030 - 44 fb 09 89 f0 97 5c ab-55 9a f6 a5 65 b0 91 e1   D.....\.U...e...
0040 - 14 b5 76 3f 18 a2 65 8c-14 44 0f 8a b2 71 57 2a   ..v?..e..D...qW*
0050 - 91 da bf 79 80 a3 e8 a6-d7 0f 9a fd 32 1c be 28   ...y........2..(
0060 - 06 b8 ab 76 81 92 00 c7-15 17 20 19 a7 9f 38 00   ...v...... ...8.
0070 - 7f ea 46 83 0a df 2d 1b-a8 00 ed 58 5a e9 56 24   ..F...-....XZ.V$
0080 - 75 87 ab 87 fb b8 ca 74-73 3c 64 4b 8d cd ff 61   u......ts<dK...a
0090 - 1a 24 cd db d3 72 ec 61-61 5f 63 80 2d 9f 67 88   .$...r.aa_c.-.g.
00a0 - 74 d1 06 37 4c 56 4b 9c-7a fb 25 b8 f1 31 4d 11   t..7LVK.z.%..1M.
00b0 - 8c 35 ef 7f cb 88 47 9b-e5 7c a3 14 77 7c 9a 5b   .5....G..|..w|.[
00c0 - e9 fe 1d 21 14 e0 0d c5-81 3c c2 42 21 85 00 f6   ...!.....<.B!...
00d0 - e0 5d 29 81 ed 03 d0 ab-ba 8a a2 21 f5 13 1b b8   .])........!....
00e0 - bb 2e 8f 62 8b b1 15 be-83 02 96 0b 96 a0 8e f0   ...b............
00f0 - 8f 17 ef e5 f7 c5 5c 49-db b6                     ......\I..
<<< TLS 1.3, InnerContent [length 0001]
    16
<<< TLS 1.3, Handshake [length 00e9], NewSessionTicket
    04 00 00 e5 00 00 1c 20 93 7b 5f 4c 08 00 00 00
    00 00 00 00 00 00 d0 f2 b4 c4 b1 b8 ff c6 76 b6
    5b be 1a e6 c8 48 6d c5 1e f0 6a 6f 10 a9 8e e1
    28 92 fc 3c 73 6e dc a2 eb 0e 00 fb 8a a1 52 68
    bf bb fe 32 00 7e e8 04 1d de dd e0 7f de 6e 76
    e4 1e e3 b3 ac a6 c5 31 1d 5e 69 ff a2 37 a1 f2
    6d 34 53 f2 09 78 8f fe 8c e3 f9 0f 2f c9 bd 84
    0a de f2 fe d1 28 4d ce 0d 2a a4 30 e1 99 67 8a
    c3 4f 17 02 9c cc bf db 93 5a b2 52 ee 86 27 61
    d8 aa 58 7d c5 14 0c f6 6d f4 83 fd 3d 86 c3 b8
    fd 75 e5 7d e2 44 51 0b ba 47 2a 4f d5 d9 d3 ce
    ee 45 5f 41 fb f5 a0 6c cd a0 f5 46 e5 7b 87 5f
    4d 8d a5 77 57 76 3d ac 12 22 a4 7a 8e 5b 54 2f
    12 fa a5 f3 b0 ca 52 11 72 91 18 6e b6 68 f6 6c
    64 2f cd c8 1a 4c fe 00 00
---
Post-Handshake New Session Ticket arrived:
SSL-Session:
    Protocol  : TLSv1.3
    Cipher    : TLS_AES_256_GCM_SHA384
    Session-ID: 9E220C9C5633395EF2E656B71AFB0E0DA7547AB45A7EB4CCB4D8E7AE675AAAF7
    Session-ID-ctx: 
    Resumption PSK: AC2B340E1660D7BD622FCF0492B2AF68B61EFF6517B0B5FF115EE7D22095AC38FDE3E7DF46426B50BE29A835E8D3D42F
    PSK identity: None
    PSK identity hint: None
    SRP username: None
    TLS session ticket lifetime hint: 7200 (seconds)
    TLS session ticket:
    0000 - f2 b4 c4 b1 b8 ff c6 76-b6 5b be 1a e6 c8 48 6d   .......v.[....Hm
    0010 - c5 1e f0 6a 6f 10 a9 8e-e1 28 92 fc 3c 73 6e dc   ...jo....(..<sn.
    0020 - a2 eb 0e 00 fb 8a a1 52-68 bf bb fe 32 00 7e e8   .......Rh...2.~.
    0030 - 04 1d de dd e0 7f de 6e-76 e4 1e e3 b3 ac a6 c5   .......nv.......
    0040 - 31 1d 5e 69 ff a2 37 a1-f2 6d 34 53 f2 09 78 8f   1.^i..7..m4S..x.
    0050 - fe 8c e3 f9 0f 2f c9 bd-84 0a de f2 fe d1 28 4d   ...../........(M
    0060 - ce 0d 2a a4 30 e1 99 67-8a c3 4f 17 02 9c cc bf   ..*.0..g..O.....
    0070 - db 93 5a b2 52 ee 86 27-61 d8 aa 58 7d c5 14 0c   ..Z.R..'a..X}...
    0080 - f6 6d f4 83 fd 3d 86 c3-b8 fd 75 e5 7d e2 44 51   .m...=....u.}.DQ
    0090 - 0b ba 47 2a 4f d5 d9 d3-ce ee 45 5f 41 fb f5 a0   ..G*O.....E_A...
    00a0 - 6c cd a0 f5 46 e5 7b 87-5f 4d 8d a5 77 57 76 3d   l...F.{._M..wWv=
    00b0 - ac 12 22 a4 7a 8e 5b 54-2f 12 fa a5 f3 b0 ca 52   ..".z.[T/......R
    00c0 - 11 72 91 18 6e b6 68 f6-6c 64 2f cd c8 1a 4c fe   .r..n.h.ld/...L.

    Start Time: 1751885048
    Timeout   : 7200 (sec)
    Verify return code: 18 (self-signed certificate)
    Extended master secret: no
    Max Early Data: 0
---
read R BLOCK
read from 0x59117141ed20 [0x59117145c513] (5 bytes => 5 (0x5))
0000 - 17 03 03 00 fa                                    .....
<<< TLS 1.2, RecordHeader [length 0005]
    17 03 03 00 fa
read from 0x59117141ed20 [0x59117145c518] (250 bytes => 250 (0xFA))
0000 - 99 f5 f4 1c bb 24 61 11-33 35 02 1d 84 b3 0b c4   .....$a.35......
0010 - 78 9a 8a f8 fd 1b 38 27-5c ba d1 4a 7f c5 3e 75   x.....8'\..J..>u
0020 - 38 f7 43 8b 44 da ea 09-ef 0f 6d 07 5e de 25 ee   8.C.D.....m.^.%.
0030 - 9f 6a df 57 20 44 9e 3d-02 72 08 1a 3d 71 1e 0c   .j.W D.=.r..=q..
0040 - 21 64 b5 a9 50 14 13 30-68 9e dd 84 f6 18 69 62   !d..P..0h.....ib
0050 - c0 61 82 f9 23 ac 62 f9-04 76 a4 f4 85 19 40 cb   .a..#.b..v....@.
0060 - cb c3 5e 3c 8c 01 57 fd-72 be 7d d1 cd 16 b7 9b   ..^<..W.r.}.....
0070 - 49 6e 83 8b fb 48 c9 f8-45 3f 30 ce 53 13 fb aa   In...H..E?0.S...
0080 - 6f f0 a5 f0 db 5d 57 e0-e8 a8 6f 2a 9d d7 e7 16   o....]W...o*....
0090 - 2c c1 1e 9d 6a 8a d1 6c-5b f2 af a9 49 3b 9b 10   ,...j..l[...I;..
00a0 - b4 0f b3 39 17 7a 62 b2-95 59 b4 86 9e fb 2c 0c   ...9.zb..Y....,.
00b0 - 6d da ee 25 85 7f 55 d6-bf 91 c9 66 93 86 4a 26   m..%..U....f..J&
00c0 - cd 44 6e 51 21 51 61 2b-a1 82 01 9d 78 c7 a7 e3   .DnQ!Qa+....x...
00d0 - 1c 50 3a 3b ee 14 11 b0-98 ec 40 35 99 20 36 03   .P:;......@5. 6.
00e0 - e2 64 a4 45 9e f0 fe 87-3b 53 d5 e3 49 55 2b e5   .d.E....;S..IU+.
00f0 - ea b6 c7 ab 01 6a 29 a9-86 c1                     .....j)...
<<< TLS 1.3, InnerContent [length 0001]
    16
<<< TLS 1.3, Handshake [length 00e9], NewSessionTicket
    04 00 00 e5 00 00 1c 20 85 9e 97 eb 08 00 00 00
    00 00 00 00 01 00 d0 f2 b4 c4 b1 b8 ff c6 76 b6
    5b be 1a e6 c8 48 6d 7c ca ea 58 3a 9d c0 b4 af
    6d 15 8a a1 15 aa e5 60 2c ae 21 47 35 95 36 8d
    f8 98 d1 d9 4b 44 af 3e 6d eb 01 54 38 49 cc df
    16 37 0a db 04 10 f6 27 50 3e fe 88 e5 f1 41 85
    ee 73 ce 26 2c 7f ae 0d 6e 66 11 9f bc b8 58 cc
    15 09 84 86 ba 8f eb 69 5f 87 20 e7 f2 f9 04 77
    5f 94 ee 15 4c 59 ad 07 86 30 62 09 73 f2 9c 92
    d8 9b 19 fc 3a db 65 cf 13 59 66 fb 08 88 8b 19
    dd 0b ba e8 38 bd 49 df 30 40 96 8e 34 ef e0 8b
    29 b4 ee 69 47 47 c1 a6 de df d5 6d fa d9 5c f8
    ae 66 51 7a 96 d7 53 17 12 60 87 34 d9 76 c7 02
    d7 f3 04 34 5d 2a 94 03 75 4a 4c c4 ac c9 1c df
    93 8d f5 a0 7d 36 42 00 00
