CONNECTED(00000003)
>>> TLS 1.0, RecordHeader [length 0005]
    16 03 01 01 20
>>> TLS 1.3, Handshake [length 0120], ClientHello
    01 00 01 1c 03 03 17 10 59 e4 e2 24 50 fc 05 94
    4a 9c fe 4d df ae a3 d5 86 78 f2 6b 3b 2d e0 a0
    51 f8 69 3f d1 5d 20 8d 63 20 b7 46 96 d2 e5 3d
    bd e3 4d 98 b6 57 7b 5b df 8d b5 27 9d 9b c1 be
    dc df f6 ce f0 20 4b 00 3a 13 02 c0 2c c0 30 00
    9f cc a9 cc a8 cc aa c0 2b c0 2f 00 9e c0 24 c0
    28 00 6b c0 23 c0 27 00 67 c0 0a c0 14 00 39 c0
    09 c0 13 00 33 00 9d 00 9c 00 3d 00 3c 00 35 00
    2f 00 ff 01 00 00 99 00 0b 00 04 03 00 01 02 00
    0a 00 16 00 14 00 1d 00 17 00 1e 00 19 00 18 01
    00 01 01 01 02 01 03 01 04 00 23 00 00 00 16 00
    00 00 17 00 00 00 0d 00 2a 00 28 04 03 05 03 06
    03 08 07 08 08 08 09 08 0a 08 0b 08 04 08 05 08
    06 04 01 05 01 06 01 03 03 03 01 03 02 04 02 05
    02 06 02 00 2b 00 09 08 03 04 03 03 03 02 03 01
    00 2d 00 02 01 01 00 33 00 26 00 24 00 1d 00 20
    cd 01 4b 15 46 d5 f4 ab 75 0a bc 85 51 bf 50 51
    ae 6b 04 dc b7 5f 08 c6 ad f3 a5 52 de 51 04 02
write to 0x5b80d61e0d20 [0x5b80d6227740] (293 bytes => 293 (0x125))
0000 - 16 03 01 01 20 01 00 01-1c 03 03 17 10 59 e4 e2   .... ........Y..
0010 - 24 50 fc 05 94 4a 9c fe-4d df ae a3 d5 86 78 f2   $P...J..M.....x.
0020 - 6b 3b 2d e0 a0 51 f8 69-3f d1 5d 20 8d 63 20 b7   k;-..Q.i?.] .c .
0030 - 46 96 d2 e5 3d bd e3 4d-98 b6 57 7b 5b df 8d b5   F...=..M..W{[...
0040 - 27 9d 9b c1 be dc df f6-ce f0 20 4b 00 3a 13 02   '......... K.:..
0050 - c0 2c c0 30 00 9f cc a9-cc a8 cc aa c0 2b c0 2f   .,.0.........+./
0060 - 00 9e c0 24 c0 28 00 6b-c0 23 c0 27 00 67 c0 0a   ...$.(.k.#.'.g..
0070 - c0 14 00 39 c0 09 c0 13-00 33 00 9d 00 9c 00 3d   ...9.....3.....=
0080 - 00 3c 00 35 00 2f 00 ff-01 00 00 99 00 0b 00 04   .<.5./..........
0090 - 03 00 01 02 00 0a 00 16-00 14 00 1d 00 17 00 1e   ................
00a0 - 00 19 00 18 01 00 01 01-01 02 01 03 01 04 00 23   ...............#
00b0 - 00 00 00 16 00 00 00 17-00 00 00 0d 00 2a 00 28   .............*.(
00c0 - 04 03 05 03 06 03 08 07-08 08 08 09 08 0a 08 0b   ................
00d0 - 08 04 08 05 08 06 04 01-05 01 06 01 03 03 03 01   ................
00e0 - 03 02 04 02 05 02 06 02-00 2b 00 09 08 03 04 03   .........+......
00f0 - 03 03 02 03 01 00 2d 00-02 01 01 00 33 00 26 00   ......-.....3.&.
0100 - 24 00 1d 00 20 cd 01 4b-15 46 d5 f4 ab 75 0a bc   $... ..K.F...u..
0110 - 85 51 bf 50 51 ae 6b 04-dc b7 5f 08 c6 ad f3 a5   .Q.PQ.k..._.....
0120 - 52 de 51 04 02                                    R.Q..
read from 0x5b80d61e0d20 [0x5b80d621e513] (5 bytes => 5 (0x5))
0000 - 16 03 03 00 7a                                    ....z
<<< TLS 1.2, RecordHeader [length 0005]
    16 03 03 00 7a
read from 0x5b80d61e0d20 [0x5b80d621e518] (122 bytes => 122 (0x7A))
0000 - 02 00 00 76 03 03 12 0a-ee 3e ad c6 98 9e bb 30   ...v.....>.....0
0010 - 9e 8e ad 8f 0b ff 71 21-fa a2 c2 05 eb dc 1d 14   ......q!........
0020 - 0e 03 54 ef 9b 83 20 8d-63 20 b7 46 96 d2 e5 3d   ..T... .c .F...=
0030 - bd e3 4d 98 b6 57 7b 5b-df 8d b5 27 9d 9b c1 be   ..M..W{[...'....
0040 - dc df f6 ce f0 20 4b 13-02 00 00 2e 00 2b 00 02   ..... K......+..
0050 - 03 04 00 33 00 24 00 1d-00 20 12 86 0a d2 94 64   ...3.$... .....d
0060 - ad aa e4 26 a4 a0 69 78-24 9d bd 3f 44 b7 c3 d6   ...&..ix$..?D...
0070 - 34 72 ea a9 a8 c3 f5 ed-2a 56                     4r......*V
<<< TLS 1.3, Handshake [length 007a], ServerHello
    02 00 00 76 03 03 12 0a ee 3e ad c6 98 9e bb 30
    9e 8e ad 8f 0b ff 71 21 fa a2 c2 05 eb dc 1d 14
    0e 03 54 ef 9b 83 20 8d 63 20 b7 46 96 d2 e5 3d
    bd e3 4d 98 b6 57 7b 5b df 8d b5 27 9d 9b c1 be
    dc df f6 ce f0 20 4b 13 02 00 00 2e 00 2b 00 02
    03 04 00 33 00 24 00 1d 00 20 12 86 0a d2 94 64
    ad aa e4 26 a4 a0 69 78 24 9d bd 3f 44 b7 c3 d6
    34 72 ea a9 a8 c3 f5 ed 2a 56
read from 0x5b80d61e0d20 [0x5b80d621e513] (5 bytes => 5 (0x5))
0000 - 14 03 03 00 01                                    .....
<<< TLS 1.2, RecordHeader [length 0005]
    14 03 03 00 01
read from 0x5b80d61e0d20 [0x5b80d621e518] (1 bytes => 1 (0x1))
0000 - 01                                                .
read from 0x5b80d61e0d20 [0x5b80d621e513] (5 bytes => 5 (0x5))
0000 - 17 03 03 00 17                                    .....
<<< TLS 1.2, RecordHeader [length 0005]
    17 03 03 00 17
read from 0x5b80d61e0d20 [0x5b80d621e518] (23 bytes => 23 (0x17))
0000 - fa 37 b1 03 17 d4 3c 72-29 48 f0 3e 8a fa d3 a9   .7....<r)H.>....
0010 - af f3 5b b2 3f cc 23                              ..[.?.#
<<< TLS 1.3, InnerContent [length 0001]
    16
<<< TLS 1.3, Handshake [length 0006], EncryptedExtensions
    08 00 00 02 00 00
read from 0x5b80d61e0d20 [0x5b80d621e513] (5 bytes => 5 (0x5))
0000 - 17 03 03 03 0f                                    .....
<<< TLS 1.2, RecordHeader [length 0005]
    17 03 03 03 0f
read from 0x5b80d61e0d20 [0x5b80d621e518] (783 bytes => 783 (0x30F))
0000 - c5 7b 7c e7 70 6c 56 21-5e 21 e9 f8 fe 36 dc 6a   .{|.plV!^!...6.j
0010 - 04 1b 1c f6 2e 22 c1 1f-1b 04 13 31 30 4f df 68   .....".....10O.h
0020 - ab 0c 9d 59 a7 68 df 88-d4 13 70 40 aa d6 a7 74   ...Y.h....p@...t
0030 - d5 67 14 d8 8a 46 ea b9-66 97 df 52 f2 aa 54 01   .g...F..f..R..T.
0040 - 97 65 3b 47 5d db f7 d0-98 2f 1d 3f 07 55 5e cc   .e;G]..../.?.U^.
0050 - 0e 2d 4e 52 bd 64 b1 6d-f0 27 ae dc fe c9 cb 3f   .-NR.d.m.'.....?
0060 - c8 6a b8 14 06 9f d4 11-5d 23 ef 78 54 39 9e 77   .j......]#.xT9.w
0070 - 15 b3 6c 2e 37 73 ce 9c-f1 6a 2e a0 71 2b 0d 12   ..l.7s...j..q+..
0080 - fd 72 3a 66 55 36 13 a7-bd bf 8b e4 19 c2 a8 ec   .r:fU6..........
0090 - 52 44 40 15 81 31 e5 db-35 83 43 f8 bd e6 5b 2a   RD@..1..5.C...[*
00a0 - 57 7c 2f 8a 1d bf 04 b6-da 85 0b 4d e1 df 0e cb   W|/........M....
00b0 - ae be ad 7a 99 18 cb 33-7e f2 35 97 cf a5 b3 e3   ...z...3~.5.....
00c0 - c3 c2 f2 56 f4 12 1d fb-1e 63 75 2a 72 8a a7 a7   ...V.....cu*r...
00d0 - 42 48 e0 91 8b 2d 0c de-2b cd 6f 98 1a 03 81 53   BH...-..+.o....S
00e0 - 8d a7 c8 82 14 71 b2 d7-9d 7d aa b6 3c 9f 55 f0   .....q...}..<.U.
00f0 - 0f e7 76 33 43 20 c0 49-cf 63 1b 90 73 50 fd 43   ..v3C .I.c..sP.C
0100 - f7 14 f2 73 60 f6 ab 2a-9f 9b 82 ab 10 3a f4 31   ...s`..*.....:.1
0110 - f0 b5 98 72 61 f8 dc b7-58 71 d9 39 f5 e1 b0 e4   ...ra...Xq.9....
0120 - 39 0e 5c e1 9f 91 d6 1e-7f b6 42 f9 b1 6d 35 5f   9.\.......B..m5_
0130 - 72 7d 52 87 62 0d c7 32-da 98 5d 75 f3 32 66 36   r}R.b..2..]u.2f6
0140 - 53 fd e8 be 16 81 69 16-8c f4 5c bb 81 68 98 b7   S.....i...\..h..
0150 - a0 d0 8e 80 66 3d b6 27-27 93 f0 06 06 6e 23 25   ....f=.''....n#%
0160 - 56 1d b0 f2 e4 77 5a 9c-01 6a 9d b6 f2 08 f2 92   V....wZ..j......
0170 - 48 e9 42 77 92 b4 fd c9-e0 32 cd 41 af a3 b1 43   H.Bw.....2.A...C
0180 - e1 d2 71 bc 70 c7 ba 51-d1 0f 5b b1 13 52 de d9   ..q.p..Q..[..R..
0190 - 06 8a 02 1c f6 f7 e1 0b-30 a6 46 e1 ff 7e 0e 8e   ........0.F..~..
01a0 - d5 63 86 d5 42 2d dd a3-79 59 22 f0 e6 4b 62 a6   .c..B-..yY"..Kb.
01b0 - 53 0d 90 4a c6 8f da 57-2e 3a 3a f3 d7 01 fc 69   S..J...W.::....i
01c0 - 4f 2e 39 e7 26 07 e7 1e-1a 2a ce d6 15 7b e7 2a   O.9.&....*...{.*
01d0 - a2 6b 2e ec 4d 50 3b 38-a4 e5 43 cb 7b 21 ec 4f   .k..MP;8..C.{!.O
01e0 - 49 a8 09 64 cd 7b f7 08-86 c4 29 f7 4a 91 b6 8b   I..d.{....).J...
01f0 - 6c 53 dd 59 d2 a7 36 93-2f 45 76 c3 3f e2 80 ee   lS.Y..6./Ev.?...
0200 - f5 98 b6 76 69 f1 9a 90-90 91 9d 08 2a 31 8f 31   ...vi.......*1.1
0210 - 53 96 32 9e 1c 22 b5 8f-ac d3 13 a6 1b af fa 4d   S.2..".........M
0220 - e6 02 36 01 cc 57 90 4e-53 b2 f6 8e 42 f8 30 8b   ..6..W.NS...B.0.
0230 - a9 e8 dc cf 81 ab 14 07-a4 68 bf 44 9e d3 b3 2c   .........h.D...,
0240 - 0a 42 44 be bd 2c 5f 2f-57 c9 be e1 78 ec 58 73   .BD..,_/W...x.Xs
0250 - af 68 6a 1d 8b db a2 ab-f3 71 56 08 f5 33 cd 16   .hj......qV..3..
0260 - f1 8d 2c 80 d2 74 d6 11-87 b2 d4 86 31 79 95 02   ..,..t......1y..
0270 - 15 fb e4 93 10 82 3b e9-5b 35 55 43 e3 64 44 ad   ......;.[5UC.dD.
0280 - 68 dc b4 46 19 05 bc 91-47 be 7b 91 a1 45 5d df   h..F....G.{..E].
0290 - ea 1e af 9e 6c 16 c9 a1-d2 51 51 e5 70 27 ab cc   ....l....QQ.p'..
02a0 - 42 c9 2c c1 a8 8c cd a1-98 63 a2 13 af d4 49 91   B.,......c....I.
02b0 - 43 d0 ab cc 7c 15 ab 7b-0f 72 2f cf 54 ec 84 61   C...|..{.r/.T..a
02c0 - 92 13 43 8e da 0d 32 c8-17 68 4f f6 e5 52 a7 2a   ..C...2..hO..R.*
02d0 - eb 2a 16 6c c4 c9 d1 f1-a5 28 2b 3a 6f 6d 61 e0   .*.l.....(+:oma.
02e0 - 42 83 1a db d9 13 0c 68-08 f4 63 ee 36 7f b6 17   B......h..c.6...
02f0 - ee cb af 64 39 02 8f aa-2d c5 a7 7e 30 9f 39 8d   ...d9...-..~0.9.
0300 - 78 de 65 4d a4 52 2a 87-46 4a d9 1e 4e 8a bb      x.eM.R*.FJ..N..
<<< TLS 1.3, InnerContent [length 0001]
    16
<<< TLS 1.3, Handshake [length 02fe], Certificate
    0b 00 02 fa 00 00 02 f6 00 02 f1 30 82 02 ed 30
    82 01 d5 a0 03 02 01 02 02 14 6f 71 f1 fa eb b7
    b7 2a 7e 06 c9 6f 28 6c 97 c5 2d 5e 0e 32 30 0d
    06 09 2a 86 48 86 f7 0d 01 01 0b 05 00 30 14 31
    12 30 10 06 03 55 04 03 0c 09 6c 6f 63 61 6c 68
    6f 73 74 30 1e 17 0d 32 35 30 37 30 36 31 32 35
    39 34 36 5a 17 0d 32 36 30 37 30 36 31 32 35 39
    34 36 5a 30 14 31 12 30 10 06 03 55 04 03 0c 09
    6c 6f 63 61 6c 68 6f 73 74 30 82 01 22 30 0d 06
    09 2a 86 48 86 f7 0d 01 01 01 05 00 03 82 01 0f
    00 30 82 01 0a 02 82 01 01 00 a5 8b 78 37 18 53
    a0 a2 de 59 18 75 cf 35 67 f0 1a 5a 38 26 3a e7
    62 e8 70 c8 29 4c f8 62 b2 7b 20 8a 9e 0d 3e bf
    cc 08 cb 99 b7 2f d1 3f 96 41 67 56 09 ca d5 f1
    4e 8a b0 2a 73 eb a5 88 cd 13 81 59 cc 89 ba b3
    68 9c b4 6e ec 9f a0 45 ec 80 1a de 28 7c ce 27
    e0 3d d3 be e2 96 a0 62 71 b7 1c fd bf 11 38 b5
    d1 7a 4a 9b 72 7b 35 4c 07 3d 1b b7 4b 34 a6 36
    7c a3 0c e3 80 85 58 38 aa 33 79 7e 97 de 0c 4f
    b8 3c 46 d9 19 ef d1 33 b6 87 f9 e4 27 62 1c ca
    10 1f 4f e7 70 54 20 5c ec 6e 76 35 26 7d 6f 6a
    92 f1 06 bc 6e 94 f9 56 4b 99 22 08 99 a5 a6 54
    9b 73 c8 4c 93 01 42 6c 3a 97 d2 57 72 59 bf f4
    e0 06 3a 33 a6 6b 7e b6 ea 0a 9f 71 7c 93 cd f8
    8d 05 12 02 a0 46 2d 73 a8 a8 11 22 3f cb 23 b5
    4a f9 c6 5d 15 30 26 dc 8e ee aa da 86 6d d6 1b
    6c cb 37 9d a3 fe 45 55 78 a3 02 03 01 00 01 a3
    37 30 35 30 14 06 03 55 1d 11 04 0d 30 0b 82 09
    6c 6f 63 61 6c 68 6f 73 74 30 1d 06 03 55 1d 0e
    04 16 04 14 48 77 14 5e 81 4b f9 c3 3d 96 07 cd
    cb 1c 20 29 3e 3f 46 4d 30 0d 06 09 2a 86 48 86
    f7 0d 01 01 0b 05 00 03 82 01 01 00 0e 24 db 6c
    08 bd 8f 40 61 7e 71 72 3b f7 47 9d 32 67 33 9d
    54 a6 ae 29 f9 cf 87 c7 fe 32 42 58 5f 54 9b 2d
    3a 79 60 95 81 72 4e 1a d9 6b 69 c5 d1 bb ee 97
    0c 9e 74 a2 94 e8 e2 90 e8 1e 79 63 e3 e9 03 a3
    9c ff ef 8f 18 5f 10 84 7a 3d 74 a4 d0 4e 25 54
    87 e1 20 4b 8d b6 77 3c 4a 99 19 bd e7 e2 63 40
    19 90 56 f4 44 f7 51 83 d6 35 64 f4 d1 7a 40 36
    8d 57 66 07 ea 02 bc e5 a9 dc 16 b7 0f da 14 3e
    5d 69 8e a8 32 ba e0 88 f2 1a 71 8b 62 da c1 4d
    5c d9 6c 48 1c 35 69 c2 51 8e 7c fe b0 8a ea 7f
    4b 89 9d 5b d5 a0 97 37 3c 9c d7 bb 9e c0 7a 1b
    a4 90 9c a7 77 9f 94 82 22 47 9c 81 c7 31 f1 ff
    84 0a 61 2d 4a 94 c5 fa ab 66 80 62 3b b4 f2 ee
    02 0c 14 b1 b6 56 86 23 8c e8 c2 21 61 52 7a e7
    9a f2 9c db 46 15 21 c5 45 59 40 df 51 18 d2 79
    b6 34 47 72 4a ea ac f9 9d 03 ee 8f 00 00
read from 0x5b80d61e0d20 [0x5b80d621e513] (5 bytes => 5 (0x5))
0000 - 17 03 03 01 19                                    .....
<<< TLS 1.2, RecordHeader [length 0005]
    17 03 03 01 19
read from 0x5b80d61e0d20 [0x5b80d621e518] (281 bytes => 281 (0x119))
0000 - 18 5a cc ba e9 a3 e9 1c-9d c4 0e 0a 7c c0 bf 9f   .Z..........|...
0010 - 15 23 94 cf 22 5c 6d 2f-4a 1a 00 d2 48 b8 4c fe   .#.."\m/J...H.L.
0020 - c2 89 a2 b9 ff b8 96 fd-d4 8c 73 96 00 16 7f 55   ..........s....U
0030 - 4c 34 19 bd 0f 50 c9 07-22 0e cd ee 8e 3c 76 05   L4...P.."....<v.
0040 - d3 66 52 6e de 51 2e 28-d6 c7 5a 3d a1 01 a9 fb   .fRn.Q.(..Z=....
0050 - c7 5e 2c a2 91 41 6c 64-70 b0 e8 e8 25 6a 0b 62   .^,..Aldp...%j.b
0060 - d5 4d 38 92 36 93 ae f0-d9 37 75 37 63 fb 0b 73   .M8.6....7u7c..s
0070 - a3 fb 3a f6 22 63 dd 98-7b f9 ba 67 b6 d7 18 4d   ..:."c..{..g...M
0080 - 73 aa 60 9a 09 0f 8c 15-bc fc 8a 2a a8 a4 bd 71   s.`........*...q
0090 - 9b cf 92 fa 6b 1b 4f 5e-31 65 af b9 8f e7 38 90   ....k.O^1e....8.
00a0 - ec e8 7d f6 48 f2 e3 f8-a4 6c 36 96 1e 15 33 ae   ..}.H....l6...3.
00b0 - a7 05 9d a7 b3 13 ba ce-ec 06 7b 31 fa 75 7b af   ..........{1.u{.
00c0 - d2 30 31 41 3c 13 1a 86-73 8d 8f 9c d7 43 5d 75   .01A<...s....C]u
00d0 - 49 b6 fa 71 f8 27 f4 72-62 51 52 e3 71 3b 33 f1   I..q.'.rbQR.q;3.
00e0 - 7e 88 2d 30 d7 31 ac 1b-bb c6 93 ed f0 67 9a d5   ~.-0.1.......g..
00f0 - e2 7f 33 15 f3 3b 51 24-28 ba ab b3 12 89 70 80   ..3..;Q$(.....p.
0100 - 61 1b 79 c6 d9 4b 0d cb-f0 16 16 af 3d 4e 2a 4b   a.y..K......=N*K
0110 - 24 5b 3d 35 d7 d1 3a 04-ef                        $[=5..:..
<<< TLS 1.3, InnerContent [length 0001]
    16
<<< TLS 1.3, Handshake [length 0108], CertificateVerify
    0f 00 01 04 08 04 01 00 2b 04 60 a6 f0 12 c6 87
    f7 d0 43 12 51 31 71 b0 fd 1e db c2 f8 73 b6 16
    ba 13 59 ac 14 c5 f7 cf 66 2c 24 3c 30 8c 4a 5d
    93 d1 fa 99 d0 ee d6 bc cf e2 35 19 5b 1c 1d 00
    e5 e2 47 14 ed f1 91 88 f0 c0 c6 33 1a 16 26 33
    99 d0 79 41 17 50 04 71 29 9c 19 ef b6 1a c6 5e
    35 b4 21 d0 c6 60 73 f0 a0 0b 4a b6 d3 c1 8e b8
    34 c3 6f dd ca 41 81 e6 6a e2 5c 4a 6a 0a 30 45
    a7 4a ef 8e fa 16 61 14 26 5c d4 f7 ab 1c 40 a9
    5c 01 93 07 a2 9c 0e de ef 68 b0 48 8e 97 8c 4b
    71 b0 e6 1c 3f 14 10 92 34 b6 38 e7 91 f5 fe 2e
    8c 85 fb 7d 8a 99 20 a7 42 70 3a 30 b7 57 be b6
    a5 61 7c 48 a9 4f a6 f8 04 ac d2 98 45 62 27 6f
    70 02 d7 cc fa ff ad 96 98 68 0a 71 be 86 ca 30
    53 e9 5b 2f e4 3b 5d 54 72 5e 5d 52 23 c7 78 a8
    6b 12 a5 ac 86 43 ae 40 4f 70 e0 60 f7 aa 90 98
    73 60 f0 bd 6f 52 2a a7
read from 0x5b80d61e0d20 [0x5b80d621e513] (5 bytes => 5 (0x5))
0000 - 17 03 03 00 45                                    ....E
<<< TLS 1.2, RecordHeader [length 0005]
    17 03 03 00 45
read from 0x5b80d61e0d20 [0x5b80d621e518] (69 bytes => 69 (0x45))
0000 - 23 c8 36 f4 94 0c d3 3d-b4 65 29 ce f6 45 67 cc   #.6....=.e)..Eg.
0010 - 91 7d d9 18 e9 e7 6c 46-a2 5f 39 38 43 0b 8a 5c   .}....lF._98C..\
0020 - e4 1d 16 ef 1a aa 66 d8-86 d4 d8 42 b8 22 4f 1b   ......f....B."O.
0030 - 91 91 89 64 9f 78 2f bb-a4 a5 9d c9 37 0b 55 1f   ...d.x/.....7.U.
0040 - 04 d4 e9 6b 64                                    ...kd
<<< TLS 1.3, InnerContent [length 0001]
    16
<<< TLS 1.3, Handshake [length 0034], Finished
    14 00 00 30 27 c4 34 94 ed 56 39 b7 3d cb f7 2b
    68 17 92 45 95 79 79 32 82 18 9e c5 c0 e9 57 25
    45 ed 97 6e ac 07 4c c1 c9 59 52 78 40 0f 76 f6
    9f d6 45 ce
>>> TLS 1.2, RecordHeader [length 0005]
    14 03 03 00 01
>>> TLS 1.3, ChangeCipherSpec [length 0001]
    01
>>> TLS 1.2, RecordHeader [length 0005]
    17 03 03 00 45
>>> TLS 1.2, InnerContent [length 0001]
    16
>>> TLS 1.3, Handshake [length 0034], Finished
    14 00 00 30 8c e3 66 62 b3 88 74 b4 e0 1d a9 f4
    0d db 9f 04 3c 8f 48 3d ab 2c 5b fc 3e 3d df 44
    87 de d2 b4 54 60 9a f7 4c 85 89 a4 4f 04 e3 40
    61 e7 87 2b
write to 0x5b80d61e0d20 [0x5b80d6227740] (80 bytes => 80 (0x50))
0000 - 14 03 03 00 01 01 17 03-03 00 45 72 e7 12 de 1a   ..........Er....
0010 - 6e c9 0e 44 22 97 b6 30-8f 35 90 84 38 c6 be 2f   n..D"..0.5..8../
0020 - 3f 72 2b 72 2b 00 ab 6c-4c cf 96 a4 0d 9c 2e 07   ?r+r+..lL.......
0030 - 7d 1d 84 f5 a8 76 e7 16-3e 0f 22 87 90 9d c0 1c   }....v..>.".....
0040 - a1 03 47 1c 24 20 d2 23-96 bb 6d 2f 0c 54 10 5c   ..G.$ .#..m/.T.\
---
Certificate chain
 0 s:CN = localhost
   i:CN = localhost
   a:PKEY: rsaEncryption, 2048 (bit); sigalg: RSA-SHA256
   v:NotBefore: Jul  6 12:59:46 2025 GMT; NotAfter: Jul  6 12:59:46 2026 GMT
---
Server certificate
-----BEGIN CERTIFICATE-----
MIIC7TCCAdWgAwIBAgIUb3Hx+uu3typ+BslvKGyXxS1eDjIwDQYJKoZIhvcNAQEL
BQAwFDESMBAGA1UEAwwJbG9jYWxob3N0MB4XDTI1MDcwNjEyNTk0NloXDTI2MDcw
NjEyNTk0NlowFDESMBAGA1UEAwwJbG9jYWxob3N0MIIBIjANBgkqhkiG9w0BAQEF
AAOCAQ8AMIIBCgKCAQEApYt4NxhToKLeWRh1zzVn8BpaOCY652LocMgpTPhisnsg
ip4NPr/MCMuZty/RP5ZBZ1YJytXxToqwKnPrpYjNE4FZzIm6s2ictG7sn6BF7IAa
3ih8zifgPdO+4pagYnG3HP2/ETi10XpKm3J7NUwHPRu3SzSmNnyjDOOAhVg4qjN5
fpfeDE+4PEbZGe/RM7aH+eQnYhzKEB9P53BUIFzsbnY1Jn1vapLxBrxulPlWS5ki
CJmlplSbc8hMkwFCbDqX0ldyWb/04AY6M6ZrfrbqCp9xfJPN+I0FEgKgRi1zqKgR
Ij/LI7VK+cZdFTAm3I7uqtqGbdYbbMs3naP+RVV4owIDAQABozcwNTAUBgNVHREE
DTALgglsb2NhbGhvc3QwHQYDVR0OBBYEFEh3FF6BS/nDPZYHzcscICk+P0ZNMA0G
CSqGSIb3DQEBCwUAA4IBAQAOJNtsCL2PQGF+cXI790edMmcznVSmrin5z4fH/jJC
WF9Umy06eWCVgXJOGtlracXRu+6XDJ50opTo4pDoHnlj4+kDo5z/748YXxCEej10
pNBOJVSH4SBLjbZ3PEqZGb3n4mNAGZBW9ET3UYPWNWT00XpANo1XZgfqArzlqdwW
tw/aFD5daY6oMrrgiPIacYti2sFNXNlsSBw1acJRjnz+sIrqf0uJnVvVoJc3PJzX
u57AehukkJynd5+UgiJHnIHHMfH/hAphLUqUxfqrZoBiO7Ty7gIMFLG2VoYjjOjC
IWFSeuea8pzbRhUhxUVZQN9RGNJ5tjRHckrqrPmdA+6P
-----END CERTIFICATE-----
subject=CN = localhost
issuer=CN = localhost
---
No client certificate CA names sent
Peer signing digest: SHA256
Peer signature type: RSA-PSS
Server Temp Key: X25519, 253 bits
---
SSL handshake has read 1309 bytes and written 373 bytes
Verification error: self-signed certificate
---
New, TLSv1.3, Cipher is TLS_AES_256_GCM_SHA384
Server public key is 2048 bit
Secure Renegotiation IS NOT supported
Compression: NONE
Expansion: NONE
No ALPN negotiated
Early data was not sent
Verify return code: 18 (self-signed certificate)
---
read from 0x5b80d61e0d20 [0x5b80d621e513] (5 bytes => 5 (0x5))
0000 - 17 03 03 00 fa                                    .....
<<< TLS 1.2, RecordHeader [length 0005]
    17 03 03 00 fa
read from 0x5b80d61e0d20 [0x5b80d621e518] (250 bytes => 250 (0xFA))
0000 - 2a f6 f2 b6 7c 96 11 f8-bd db 7b 9a 9c 69 2c b5   *...|.....{..i,.
0010 - ac 2e 0e 06 4b 71 79 17-91 63 3c e8 82 73 9d b9   ....Kqy..c<..s..
0020 - 8b cc 4f fc b2 f1 3e 5a-c1 e2 01 07 4d 9e b5 20   ..O...>Z....M.. 
0030 - aa 2e 23 d5 ed 8c c3 65-e9 ac eb dc b1 e6 b7 d7   ..#....e........
0040 - a0 51 a7 9b da 0f a1 79-4e b4 2d e2 1d 1c 8e 35   .Q.....yN.-....5
0050 - 1e 73 00 c9 65 b4 59 07-d9 6c b3 1d db 05 96 c5   .s..e.Y..l......
0060 - ea ed 76 08 67 64 d3 ba-75 11 d0 f3 d1 d7 c4 54   ..v.gd..u......T
0070 - de 39 8b b4 09 cd 80 6f-f5 96 7b 11 f1 5c 60 e7   .9.....o..{..\`.
0080 - 22 fb c9 98 3a 51 3d 11-55 a0 9e 9b 42 9b ab 2d   "...:Q=.U...B..-
0090 - 56 af 7b 14 1e 8e cb 79-7f ba eb b5 b0 3f d4 6c   V.{....y.....?.l
00a0 - 81 dd bb 7a e4 42 05 67-6f f0 6f 45 d3 54 0c ac   ...z.B.go.oE.T..
00b0 - 72 34 36 37 02 ec 01 f4-fb ab 66 4f 5b c7 4f 0b   r467......fO[.O.
00c0 - 7d 47 59 ad 82 c2 2d b4-7e cb 9e 17 f3 e2 c4 78   }GY...-.~......x
00d0 - 92 c0 d1 76 ea 79 89 3d-34 f2 00 b1 61 25 c5 e3   ...v.y.=4...a%..
00e0 - 9b 61 07 5b c2 97 9f 47-ee 94 76 ed bf 88 a2 e9   .a.[...G..v.....
00f0 - 7f 23 2f 6a 09 c2 10 37-06 0d                     .#/j...7..
<<< TLS 1.3, InnerContent [length 0001]
    16
<<< TLS 1.3, Handshake [length 00e9], NewSessionTicket
    04 00 00 e5 00 00 1c 20 a2 ef dc 85 08 00 00 00
    00 00 00 00 00 00 d0 f2 b4 c4 b1 b8 ff c6 76 b6
    5b be 1a e6 c8 48 6d d5 05 0b de b3 c3 85 d8 db
    04 a1 23 49 a8 e2 43 f3 a9 30 66 a7 80 da 58 21
    58 7c 60 e5 47 b1 44 88 22 c8 1f 39 c3 8e 22 5f
    5c 88 ff 17 bc a0 3b 78 a9 e2 9b 10 63 1d ce 2e
    63 39 d0 56 83 77 fb e1 5f cf 0d da b2 cc 84 d1
    57 78 c4 ed 06 b2 19 22 d6 c4 51 b7 ab 95 03 cb
    a3 17 9c bb f1 e2 59 75 a7 c5 89 a5 98 b1 ec 21
    35 79 b1 8f 02 01 b3 45 0e 6f 3f 66 dc ae a5 97
    98 5b 88 4d f4 cc a6 6b 17 6e 18 ae 73 7c af b5
    c1 0f 05 60 df d7 5a 59 4b 8f 6f 07 60 3d fe be
    25 30 d7 b9 21 dd 71 0f ae c6 d5 bf 4f d5 62 a3
    89 d5 27 0d 82 e0 45 f9 63 36 4b cf 7d a1 b4 e4
    81 ae 39 59 a2 92 a4 00 00
---
Post-Handshake New Session Ticket arrived:
SSL-Session:
    Protocol  : TLSv1.3
    Cipher    : TLS_AES_256_GCM_SHA384
    Session-ID: FBD0F3043449BFC98B5780D6323A97007FD1C222249393DD4289A4B7080CA8F7
    Session-ID-ctx: 
    Resumption PSK: 478CF712FE42399D46B2232A971B2F76D83FEFA47EBC1CF7FEEF414FAB958248244139D0EBC476996B1622284ED51F31
    PSK identity: None
    PSK identity hint: None
    SRP username: None
    TLS session ticket lifetime hint: 7200 (seconds)
    TLS session ticket:
    0000 - f2 b4 c4 b1 b8 ff c6 76-b6 5b be 1a e6 c8 48 6d   .......v.[....Hm
    0010 - d5 05 0b de b3 c3 85 d8-db 04 a1 23 49 a8 e2 43   ...........#I..C
    0020 - f3 a9 30 66 a7 80 da 58-21 58 7c 60 e5 47 b1 44   ..0f...X!X|`.G.D
    0030 - 88 22 c8 1f 39 c3 8e 22-5f 5c 88 ff 17 bc a0 3b   ."..9.."_\.....;
    0040 - 78 a9 e2 9b 10 63 1d ce-2e 63 39 d0 56 83 77 fb   x....c...c9.V.w.
    0050 - e1 5f cf 0d da b2 cc 84-d1 57 78 c4 ed 06 b2 19   ._.......Wx.....
    0060 - 22 d6 c4 51 b7 ab 95 03-cb a3 17 9c bb f1 e2 59   "..Q...........Y
    0070 - 75 a7 c5 89 a5 98 b1 ec-21 35 79 b1 8f 02 01 b3   u.......!5y.....
    0080 - 45 0e 6f 3f 66 dc ae a5-97 98 5b 88 4d f4 cc a6   E.o?f.....[.M...
    0090 - 6b 17 6e 18 ae 73 7c af-b5 c1 0f 05 60 df d7 5a   k.n..s|.....`..Z
    00a0 - 59 4b 8f 6f 07 60 3d fe-be 25 30 d7 b9 21 dd 71   YK.o.`=..%0..!.q
    00b0 - 0f ae c6 d5 bf 4f d5 62-a3 89 d5 27 0d 82 e0 45   .....O.b...'...E
    00c0 - f9 63 36 4b cf 7d a1 b4-e4 81 ae 39 59 a2 92 a4   .c6K.}.....9Y...

    Start Time: 1751889992
    Timeout   : 7200 (sec)
    Verify return code: 18 (self-signed certificate)
    Extended master secret: no
    Max Early Data: 0
---
read R BLOCK
read from 0x5b80d61e0d20 [0x5b80d621e513] (5 bytes => 5 (0x5))
0000 - 17 03 03 00 fa                                    .....
<<< TLS 1.2, RecordHeader [length 0005]
    17 03 03 00 fa
read from 0x5b80d61e0d20 [0x5b80d621e518] (250 bytes => 250 (0xFA))
0000 - b3 56 60 bc 7d c1 68 19-5f f5 96 bd 3b 68 89 d4   .V`.}.h._...;h..
0010 - 16 38 f4 22 a9 c8 56 f0-bd 10 fa 60 46 91 9c 76   .8."..V....`F..v
0020 - 55 94 9e 5d 57 ea b9 f8-cb 6e 2f 4d 32 ca 1c c7   U..]W....n/M2...
0030 - cb 51 b1 7d 93 f3 0a 0a-1b 3e 07 c0 53 f8 25 06   .Q.}.....>..S.%.
0040 - 06 97 87 f7 7f 05 76 29-a6 48 39 80 ab 97 ed cb   ......v).H9.....
0050 - 28 0f 0e 17 7c 5c 97 e3-5a 39 d0 14 71 34 f5 0f   (...|\..Z9..q4..
0060 - cd 93 42 24 e5 01 f1 2e-6a dd 53 2a db dd 0d d6   ..B$....j.S*....
0070 - 28 59 1c 44 61 af 09 fe-af 5d 2f ae 35 ba f7 e2   (Y.Da....]/.5...
0080 - f1 4e a7 fc 20 7a 53 71-2f af 4c 28 40 87 ad 28   .N.. zSq/.L(@..(
0090 - b1 97 20 3b 88 26 ad a4-cd cf 17 04 bd 94 41 00   .. ;.&........A.
00a0 - 13 db db a4 c6 bd a2 37-ab 67 aa 51 77 75 df 55   .......7.g.Qwu.U
00b0 - fd f5 1d bc f4 25 34 a7-0b 4b df b2 a8 61 0b a9   .....%4..K...a..
00c0 - be 31 89 68 9d 22 a9 6c-9b 04 61 cb 4a 5f 24 4a   .1.h.".l..a.J_$J
00d0 - 94 1c cc c9 f9 e5 7c a1-a9 b0 5e 84 94 eb 0b a0   ......|...^.....
00e0 - 9f 5d bb 32 f0 b0 1a ed-a1 f2 fa 79 23 d1 5d f9   .].2.......y#.].
00f0 - 84 ad 2d 16 f8 c2 fc aa-1b f1                     ..-.......
<<< TLS 1.3, InnerContent [length 0001]
    16
<<< TLS 1.3, Handshake [length 00e9], NewSessionTicket
    04 00 00 e5 00 00 1c 20 1c 85 d4 18 08 00 00 00
    00 00 00 00 01 00 d0 f2 b4 c4 b1 b8 ff c6 76 b6
    5b be 1a e6 c8 48 6d 78 35 8f 8f ba ce 3b 68 97
    67 ff 6d 37 89 1f f4 c3 95 ff 84 a8 20 b0 72 6d
    d0 a2 c5 7d d2 69 ec 89 16 58 47 ea 64 43 ce e2
    35 06 6b 14 91 7e 53 a2 d1 66 d9 05 bf 14 87 ef
    a1 fb 38 ab ac 80 9a 2b 9c cd dc 17 e7 31 c6 fe
    2e 37 56 2b 4c 99 6c 6c e4 54 6e 5f 14 25 e3 40
    c2 a9 5d ad a0 0d 0e 97 10 b9 6f 3f cc 87 1c 3f
    06 a9 d5 be dd 6f db a6 0a a9 ef 5c a2 f5 c9 bd
    03 a2 aa 17 83 2b 63 b1 16 6b f4 3e a7 52 6e 07
    f8 0f 95 0c b7 b2 e0 c0 fd 77 41 ef d4 78 7d 4b
    35 9b cd 97 3d 0e 91 90 ab 7a 97 18 05 b3 88 3f
    dc 47 10 86 69 06 0c 6b a2 67 9e d7 09 40 30 32
    5a 4b a2 77 59 82 93 00 00
